2020-10-29 12:39:18 INFO  UserDao:63 - Found user by id: User [id=2, username=arpearse, password=b10de1dda91163f64bc59155eded4dc3, firstName=Andrew, lastName=Pearse, email=andrew.roy.pearse@gmail.com, role=UserRole [id=1, role=Employee]]
2020-10-29 12:39:18 INFO  UserDao:63 - Found user by id: null
2020-10-29 12:39:19 INFO  UserDao:63 - Found user by id: User [id=2, username=arpearse, password=b10de1dda91163f64bc59155eded4dc3, firstName=Andrew, lastName=Pearse, email=andrew.roy.pearse@gmail.com, role=UserRole [id=1, role=Employee]]
2020-10-29 12:39:19 INFO  UserDao:63 - Found user by id: null
2020-10-29 12:39:19 INFO  UserDao:63 - Found user by id: User [id=2, username=arpearse, password=b10de1dda91163f64bc59155eded4dc3, firstName=Andrew, lastName=Pearse, email=andrew.roy.pearse@gmail.com, role=UserRole [id=1, role=Employee]]
2020-10-29 12:39:19 INFO  UserDao:63 - Found user by id: null
2020-10-29 12:39:20 INFO  UserDao:63 - Found user by id: User [id=2, username=arpearse, password=b10de1dda91163f64bc59155eded4dc3, firstName=Andrew, lastName=Pearse, email=andrew.roy.pearse@gmail.com, role=UserRole [id=1, role=Employee]]
2020-10-29 12:39:20 INFO  UserDao:63 - Found user by id: User [id=3, username=jlawn, password=9bce65eddc92e1975c4aa307494bcd73, firstName=John, lastName=Lawn, email=jlawn@gmail.com, role=UserRole [id=2, role=Finance Manager]]
2020-10-29 12:39:21 INFO  UserDao:63 - Found user by id: User [id=2, username=arpearse, password=b10de1dda91163f64bc59155eded4dc3, firstName=Andrew, lastName=Pearse, email=andrew.roy.pearse@gmail.com, role=UserRole [id=1, role=Employee]]
2020-10-29 12:39:21 INFO  UserDao:63 - Found user by id: null
2020-10-29 12:39:21 INFO  UserDao:63 - Found user by id: User [id=2, username=arpearse, password=b10de1dda91163f64bc59155eded4dc3, firstName=Andrew, lastName=Pearse, email=andrew.roy.pearse@gmail.com, role=UserRole [id=1, role=Employee]]
2020-10-29 12:39:21 INFO  UserDao:63 - Found user by id: null
2020-10-29 12:39:22 INFO  UserDao:63 - Found user by id: User [id=2, username=arpearse, password=b10de1dda91163f64bc59155eded4dc3, firstName=Andrew, lastName=Pearse, email=andrew.roy.pearse@gmail.com, role=UserRole [id=1, role=Employee]]
2020-10-29 12:39:22 INFO  UserDao:63 - Found user by id: null
2020-10-29 12:39:22 INFO  UserDao:63 - Found user by id: User [id=2, username=arpearse, password=b10de1dda91163f64bc59155eded4dc3, firstName=Andrew, lastName=Pearse, email=andrew.roy.pearse@gmail.com, role=UserRole [id=1, role=Employee]]
2020-10-29 12:39:22 INFO  UserDao:63 - Found user by id: User [id=3, username=jlawn, password=9bce65eddc92e1975c4aa307494bcd73, firstName=John, lastName=Lawn, email=jlawn@gmail.com, role=UserRole [id=2, role=Finance Manager]]
2020-10-29 12:39:23 INFO  UserDao:146 - Verified user info: jlawn@gmail.com longgone
2020-10-29 12:39:23 INFO  UserDao:175 - Found user by email: User [id=3, username=jlawn, password=9bce65eddc92e1975c4aa307494bcd73, firstName=John, lastName=Lawn, email=jlawn@gmail.com, role=UserRole [id=2, role=Finance Manager]]
2020-10-29 12:39:23 INFO  UserDao:146 - Verified user info: andrew.roy.pearse@gmail.com bad password
2020-10-29 12:39:23 INFO  UserDao:146 - Verified user info: andrew.roy.pearse@gmail.com password
2020-10-29 12:39:24 INFO  UserDao:175 - Found user by email: User [id=2, username=arpearse, password=b10de1dda91163f64bc59155eded4dc3, firstName=Andrew, lastName=Pearse, email=andrew.roy.pearse@gmail.com, role=UserRole [id=1, role=Employee]]
2020-10-29 12:39:24 INFO  UserDao:63 - Found user by id: User [id=2, username=arpearse, password=b10de1dda91163f64bc59155eded4dc3, firstName=Andrew, lastName=Pearse, email=andrew.roy.pearse@gmail.com, role=UserRole [id=1, role=Employee]]
2020-10-29 12:39:24 INFO  UserDao:63 - Found user by id: null
2020-10-29 12:39:24 INFO  UserDao:63 - Found user by id: User [id=2, username=arpearse, password=b10de1dda91163f64bc59155eded4dc3, firstName=Andrew, lastName=Pearse, email=andrew.roy.pearse@gmail.com, role=UserRole [id=1, role=Employee]]
2020-10-29 12:39:25 INFO  UserDao:63 - Found user by id: null
2020-10-29 12:39:25 INFO  UserDao:63 - Found user by id: User [id=2, username=arpearse, password=b10de1dda91163f64bc59155eded4dc3, firstName=Andrew, lastName=Pearse, email=andrew.roy.pearse@gmail.com, role=UserRole [id=1, role=Employee]]
2020-10-29 12:39:25 INFO  UserDao:63 - Found user by id: null
2020-10-29 12:39:25 INFO  UserDao:63 - Found user by id: User [id=2, username=arpearse, password=b10de1dda91163f64bc59155eded4dc3, firstName=Andrew, lastName=Pearse, email=andrew.roy.pearse@gmail.com, role=UserRole [id=1, role=Employee]]
2020-10-29 12:39:26 INFO  UserDao:63 - Found user by id: User [id=3, username=jlawn, password=9bce65eddc92e1975c4aa307494bcd73, firstName=John, lastName=Lawn, email=jlawn@gmail.com, role=UserRole [id=2, role=Finance Manager]]
2020-10-29 12:39:26 INFO  UserDao:146 - Verified user info: andrew.roy.pearse@gmail.com password
2020-10-29 12:39:26 INFO  UserDao:38 - Found all users: [User [id=3, username=jlawn, password=null, firstName=John, lastName=Lawn, email=jlawn@gmail.com, role=UserRole [id=2, role=Finance Manager]], User [id=4, username=sbeve, password=null, firstName=Steve, lastName=FromMinecraft, email=steve_fromminecraft@mojang.com, role=UserRole [id=1, role=Employee]], User [id=2, username=arpearse, password=null, firstName=Andrew, lastName=Pearse, email=andrew.roy.pearse@gmail.com, role=UserRole [id=1, role=Employee]]]
2020-10-29 12:39:26 INFO  UserDao:175 - Found user by email: User [id=2, username=arpearse, password=b10de1dda91163f64bc59155eded4dc3, firstName=Andrew, lastName=Pearse, email=andrew.roy.pearse@gmail.com, role=UserRole [id=1, role=Employee]]
2020-10-29 12:39:27 INFO  UserDao:63 - Found user by id: User [id=2, username=arpearse, password=b10de1dda91163f64bc59155eded4dc3, firstName=Andrew, lastName=Pearse, email=andrew.roy.pearse@gmail.com, role=UserRole [id=1, role=Employee]]
2020-10-29 12:39:27 INFO  UserDao:63 - Found user by id: null
2020-10-29 12:39:27 INFO  UserDao:63 - Found user by id: User [id=2, username=arpearse, password=b10de1dda91163f64bc59155eded4dc3, firstName=Andrew, lastName=Pearse, email=andrew.roy.pearse@gmail.com, role=UserRole [id=1, role=Employee]]
2020-10-29 12:39:28 INFO  UserDao:122 - User updated: User [id=0, username=null, password=null, firstName=null, lastName=null, email=null, role=UserRole [id=0, role=null]]
2020-10-29 12:39:28 WARN  UserDao:94 - Error creating user: 
org.postgresql.util.PSQLException: ERROR: duplicate key value violates unique constraint "ers_users_ers_username_key"
  Detail: Key (ers_username)=(sbeve) already exists.
	at org.postgresql.core.v3.QueryExecutorImpl.receiveErrorResponse(QueryExecutorImpl.java:2497)
	at org.postgresql.core.v3.QueryExecutorImpl.processResults(QueryExecutorImpl.java:2233)
	at org.postgresql.core.v3.QueryExecutorImpl.execute(QueryExecutorImpl.java:310)
	at org.postgresql.jdbc.PgStatement.executeInternal(PgStatement.java:446)
	at org.postgresql.jdbc.PgStatement.execute(PgStatement.java:370)
	at org.postgresql.jdbc.PgPreparedStatement.executeWithFlags(PgPreparedStatement.java:149)
	at org.postgresql.jdbc.PgPreparedStatement.executeUpdate(PgPreparedStatement.java:124)
	at com.photoshop.repo.UserDao.create(UserDao.java:88)
	at com.photoshop.repotest.DaoTest.createUserEqualsZero(DaoTest.java:46)
	at sun.reflect.NativeMethodAccessorImpl.invoke0(Native Method)
	at sun.reflect.NativeMethodAccessorImpl.invoke(NativeMethodAccessorImpl.java:62)
	at sun.reflect.DelegatingMethodAccessorImpl.invoke(DelegatingMethodAccessorImpl.java:43)
	at java.lang.reflect.Method.invoke(Method.java:498)
	at org.junit.runners.model.FrameworkMethod$1.runReflectiveCall(FrameworkMethod.java:59)
	at org.junit.internal.runners.model.ReflectiveCallable.run(ReflectiveCallable.java:12)
	at org.junit.runners.model.FrameworkMethod.invokeExplosively(FrameworkMethod.java:56)
	at org.junit.internal.runners.statements.InvokeMethod.evaluate(InvokeMethod.java:17)
	at org.junit.internal.runners.statements.RunBefores.evaluate(RunBefores.java:26)
	at org.junit.runners.ParentRunner$3.evaluate(ParentRunner.java:306)
	at org.junit.runners.BlockJUnit4ClassRunner$1.evaluate(BlockJUnit4ClassRunner.java:100)
	at org.junit.runners.ParentRunner.runLeaf(ParentRunner.java:366)
	at org.junit.runners.BlockJUnit4ClassRunner.runChild(BlockJUnit4ClassRunner.java:103)
	at org.junit.runners.BlockJUnit4ClassRunner.runChild(BlockJUnit4ClassRunner.java:63)
	at org.junit.runners.ParentRunner$4.run(ParentRunner.java:331)
	at org.junit.runners.ParentRunner$1.schedule(ParentRunner.java:79)
	at org.junit.runners.ParentRunner.runChildren(ParentRunner.java:329)
	at org.junit.runners.ParentRunner.access$100(ParentRunner.java:66)
	at org.junit.runners.ParentRunner$2.evaluate(ParentRunner.java:293)
	at org.junit.runners.ParentRunner$3.evaluate(ParentRunner.java:306)
	at org.junit.runners.ParentRunner.run(ParentRunner.java:413)
	at org.apache.maven.surefire.junit4.JUnit4Provider.execute(JUnit4Provider.java:252)
	at org.apache.maven.surefire.junit4.JUnit4Provider.executeTestSet(JUnit4Provider.java:141)
	at org.apache.maven.surefire.junit4.JUnit4Provider.invoke(JUnit4Provider.java:112)
	at sun.reflect.NativeMethodAccessorImpl.invoke0(Native Method)
	at sun.reflect.NativeMethodAccessorImpl.invoke(NativeMethodAccessorImpl.java:62)
	at sun.reflect.DelegatingMethodAccessorImpl.invoke(DelegatingMethodAccessorImpl.java:43)
	at java.lang.reflect.Method.invoke(Method.java:498)
	at org.apache.maven.surefire.util.ReflectionUtils.invokeMethodWithArray(ReflectionUtils.java:189)
	at org.apache.maven.surefire.booter.ProviderFactory$ProviderProxy.invoke(ProviderFactory.java:165)
	at org.apache.maven.surefire.booter.ProviderFactory.invokeProvider(ProviderFactory.java:85)
	at org.apache.maven.surefire.booter.ForkedBooter.runSuitesInProcess(ForkedBooter.java:115)
	at org.apache.maven.surefire.booter.ForkedBooter.main(ForkedBooter.java:75)
2020-10-29 12:39:28 INFO  UserDao:63 - Found user by id: User [id=2, username=arpearse, password=b10de1dda91163f64bc59155eded4dc3, firstName=Andrew, lastName=Pearse, email=andrew.roy.pearse@gmail.com, role=UserRole [id=1, role=Employee]]
2020-10-29 12:39:29 INFO  UserDao:63 - Found user by id: User [id=2, username=arpearse, password=b10de1dda91163f64bc59155eded4dc3, firstName=Andrew, lastName=Pearse, email=andrew.roy.pearse@gmail.com, role=UserRole [id=1, role=Employee]]
2020-10-29 12:39:29 INFO  UserDao:63 - Found user by id: null
2020-10-29 12:39:29 INFO  UserDao:63 - Found user by id: User [id=2, username=arpearse, password=b10de1dda91163f64bc59155eded4dc3, firstName=Andrew, lastName=Pearse, email=andrew.roy.pearse@gmail.com, role=UserRole [id=1, role=Employee]]
2020-10-29 12:39:29 INFO  UserDao:63 - Found user by id: null
2020-10-29 12:39:30 INFO  UserDao:63 - Found user by id: User [id=2, username=arpearse, password=b10de1dda91163f64bc59155eded4dc3, firstName=Andrew, lastName=Pearse, email=andrew.roy.pearse@gmail.com, role=UserRole [id=1, role=Employee]]
2020-10-29 12:39:30 INFO  UserDao:63 - Found user by id: null
2020-10-29 12:39:30 INFO  UserDao:63 - Found user by id: User [id=2, username=arpearse, password=b10de1dda91163f64bc59155eded4dc3, firstName=Andrew, lastName=Pearse, email=andrew.roy.pearse@gmail.com, role=UserRole [id=1, role=Employee]]
2020-10-29 12:39:30 INFO  UserDao:63 - Found user by id: null
2020-10-29 12:39:31 INFO  UserDao:63 - Found user by id: User [id=2, username=arpearse, password=b10de1dda91163f64bc59155eded4dc3, firstName=Andrew, lastName=Pearse, email=andrew.roy.pearse@gmail.com, role=UserRole [id=1, role=Employee]]
2020-10-29 12:39:31 INFO  UserDao:63 - Found user by id: User [id=3, username=jlawn, password=9bce65eddc92e1975c4aa307494bcd73, firstName=John, lastName=Lawn, email=jlawn@gmail.com, role=UserRole [id=2, role=Finance Manager]]
2020-10-29 12:39:31 INFO  UserDao:63 - Found user by id: User [id=2, username=arpearse, password=b10de1dda91163f64bc59155eded4dc3, firstName=Andrew, lastName=Pearse, email=andrew.roy.pearse@gmail.com, role=UserRole [id=1, role=Employee]]
2020-10-29 12:39:31 INFO  UserDao:63 - Found user by id: null
2020-10-29 12:39:32 INFO  UserDao:63 - Found user by id: User [id=2, username=arpearse, password=b10de1dda91163f64bc59155eded4dc3, firstName=Andrew, lastName=Pearse, email=andrew.roy.pearse@gmail.com, role=UserRole [id=1, role=Employee]]
2020-10-29 12:39:32 INFO  UserDao:63 - Found user by id: null
2020-10-29 12:39:32 INFO  UserDao:63 - Found user by id: User [id=2, username=arpearse, password=b10de1dda91163f64bc59155eded4dc3, firstName=Andrew, lastName=Pearse, email=andrew.roy.pearse@gmail.com, role=UserRole [id=1, role=Employee]]
2020-10-29 12:39:32 INFO  UserDao:63 - Found user by id: null
2020-10-29 12:39:33 INFO  UserDao:63 - Found user by id: User [id=2, username=arpearse, password=b10de1dda91163f64bc59155eded4dc3, firstName=Andrew, lastName=Pearse, email=andrew.roy.pearse@gmail.com, role=UserRole [id=1, role=Employee]]
2020-10-29 12:39:33 INFO  UserDao:63 - Found user by id: User [id=3, username=jlawn, password=9bce65eddc92e1975c4aa307494bcd73, firstName=John, lastName=Lawn, email=jlawn@gmail.com, role=UserRole [id=2, role=Finance Manager]]
2020-10-29 12:39:33 INFO  UserDao:63 - Found user by id: User [id=2, username=arpearse, password=b10de1dda91163f64bc59155eded4dc3, firstName=Andrew, lastName=Pearse, email=andrew.roy.pearse@gmail.com, role=UserRole [id=1, role=Employee]]
2020-10-29 12:39:34 INFO  UserDao:63 - Found user by id: null
2020-10-29 12:39:34 INFO  UserDao:63 - Found user by id: User [id=2, username=arpearse, password=b10de1dda91163f64bc59155eded4dc3, firstName=Andrew, lastName=Pearse, email=andrew.roy.pearse@gmail.com, role=UserRole [id=1, role=Employee]]
2020-10-29 12:39:34 INFO  UserDao:63 - Found user by id: null
2020-10-29 12:39:34 INFO  UserDao:63 - Found user by id: User [id=2, username=arpearse, password=b10de1dda91163f64bc59155eded4dc3, firstName=Andrew, lastName=Pearse, email=andrew.roy.pearse@gmail.com, role=UserRole [id=1, role=Employee]]
2020-10-29 12:39:34 INFO  UserDao:63 - Found user by id: null
2020-10-29 12:39:35 INFO  UserDao:63 - Found user by id: User [id=2, username=arpearse, password=b10de1dda91163f64bc59155eded4dc3, firstName=Andrew, lastName=Pearse, email=andrew.roy.pearse@gmail.com, role=UserRole [id=1, role=Employee]]
2020-10-29 12:39:35 INFO  UserDao:63 - Found user by id: User [id=3, username=jlawn, password=9bce65eddc92e1975c4aa307494bcd73, firstName=John, lastName=Lawn, email=jlawn@gmail.com, role=UserRole [id=2, role=Finance Manager]]
2020-10-29 12:39:35 INFO  UserDao:63 - Found user by id: User [id=2, username=arpearse, password=b10de1dda91163f64bc59155eded4dc3, firstName=Andrew, lastName=Pearse, email=andrew.roy.pearse@gmail.com, role=UserRole [id=1, role=Employee]]
2020-10-29 12:39:36 INFO  UserDao:63 - Found user by id: null
2020-10-29 12:39:36 INFO  UserDao:63 - Found user by id: User [id=2, username=arpearse, password=b10de1dda91163f64bc59155eded4dc3, firstName=Andrew, lastName=Pearse, email=andrew.roy.pearse@gmail.com, role=UserRole [id=1, role=Employee]]
2020-10-29 12:39:36 INFO  UserDao:63 - Found user by id: null
2020-10-29 12:39:36 INFO  UserDao:63 - Found user by id: User [id=2, username=arpearse, password=b10de1dda91163f64bc59155eded4dc3, firstName=Andrew, lastName=Pearse, email=andrew.roy.pearse@gmail.com, role=UserRole [id=1, role=Employee]]
2020-10-29 12:39:37 INFO  UserDao:63 - Found user by id: null
2020-10-29 12:39:37 INFO  UserDao:63 - Found user by id: User [id=2, username=arpearse, password=b10de1dda91163f64bc59155eded4dc3, firstName=Andrew, lastName=Pearse, email=andrew.roy.pearse@gmail.com, role=UserRole [id=1, role=Employee]]
2020-10-29 12:39:37 INFO  UserDao:63 - Found user by id: User [id=3, username=jlawn, password=9bce65eddc92e1975c4aa307494bcd73, firstName=John, lastName=Lawn, email=jlawn@gmail.com, role=UserRole [id=2, role=Finance Manager]]
2020-10-29 12:39:37 INFO  UserDao:63 - Found user by id: User [id=2, username=arpearse, password=b10de1dda91163f64bc59155eded4dc3, firstName=Andrew, lastName=Pearse, email=andrew.roy.pearse@gmail.com, role=UserRole [id=1, role=Employee]]
2020-10-29 12:39:38 INFO  UserDao:63 - Found user by id: User [id=3, username=jlawn, password=9bce65eddc92e1975c4aa307494bcd73, firstName=John, lastName=Lawn, email=jlawn@gmail.com, role=UserRole [id=2, role=Finance Manager]]
2020-10-29 12:39:38 INFO  UserDao:63 - Found user by id: User [id=2, username=arpearse, password=b10de1dda91163f64bc59155eded4dc3, firstName=Andrew, lastName=Pearse, email=andrew.roy.pearse@gmail.com, role=UserRole [id=1, role=Employee]]
2020-10-29 12:39:38 INFO  UserDao:63 - Found user by id: null
2020-10-29 12:39:39 INFO  UserDao:63 - Found user by id: User [id=2, username=arpearse, password=b10de1dda91163f64bc59155eded4dc3, firstName=Andrew, lastName=Pearse, email=andrew.roy.pearse@gmail.com, role=UserRole [id=1, role=Employee]]
2020-10-29 12:39:39 INFO  UserDao:63 - Found user by id: null
2020-10-29 12:39:39 INFO  UserDao:63 - Found user by id: User [id=2, username=arpearse, password=b10de1dda91163f64bc59155eded4dc3, firstName=Andrew, lastName=Pearse, email=andrew.roy.pearse@gmail.com, role=UserRole [id=1, role=Employee]]
2020-10-29 12:39:39 INFO  UserDao:63 - Found user by id: null
2020-10-29 12:39:40 INFO  UserDao:63 - Found user by id: User [id=2, username=arpearse, password=b10de1dda91163f64bc59155eded4dc3, firstName=Andrew, lastName=Pearse, email=andrew.roy.pearse@gmail.com, role=UserRole [id=1, role=Employee]]
2020-10-29 12:39:40 INFO  UserDao:63 - Found user by id: User [id=3, username=jlawn, password=9bce65eddc92e1975c4aa307494bcd73, firstName=John, lastName=Lawn, email=jlawn@gmail.com, role=UserRole [id=2, role=Finance Manager]]
2020-10-29 12:39:40 INFO  UserDao:63 - Found user by id: User [id=2, username=arpearse, password=b10de1dda91163f64bc59155eded4dc3, firstName=Andrew, lastName=Pearse, email=andrew.roy.pearse@gmail.com, role=UserRole [id=1, role=Employee]]
2020-10-29 12:39:40 INFO  UserDao:63 - Found user by id: User [id=3, username=jlawn, password=9bce65eddc92e1975c4aa307494bcd73, firstName=John, lastName=Lawn, email=jlawn@gmail.com, role=UserRole [id=2, role=Finance Manager]]
2020-10-29 12:39:41 INFO  UserDao:38 - Found all users: [User [id=3, username=jlawn, password=null, firstName=John, lastName=Lawn, email=jlawn@gmail.com, role=UserRole [id=2, role=Finance Manager]], User [id=4, username=sbeve, password=null, firstName=Steve, lastName=FromMinecraft, email=steve_fromminecraft@mojang.com, role=UserRole [id=1, role=Employee]], User [id=2, username=arpearse, password=null, firstName=Andrew, lastName=Pearse, email=andrew.roy.pearse@gmail.com, role=UserRole [id=1, role=Employee]]]
2020-10-29 12:39:41 INFO  UserDao:146 - Verified user info: andrew.roy.pearse@gmail.com password
2020-10-29 12:39:41 INFO  UserDao:63 - Found user by id: User [id=2, username=arpearse, password=b10de1dda91163f64bc59155eded4dc3, firstName=Andrew, lastName=Pearse, email=andrew.roy.pearse@gmail.com, role=UserRole [id=1, role=Employee]]
2020-10-29 12:39:42 INFO  UserDao:175 - Found user by email: User [id=2, username=arpearse, password=b10de1dda91163f64bc59155eded4dc3, firstName=Andrew, lastName=Pearse, email=andrew.roy.pearse@gmail.com, role=UserRole [id=1, role=Employee]]
2020-10-29 12:39:42 INFO  UserDao:175 - Found user by email: User [id=2, username=arpearse, password=b10de1dda91163f64bc59155eded4dc3, firstName=Andrew, lastName=Pearse, email=andrew.roy.pearse@gmail.com, role=UserRole [id=1, role=Employee]]
2020-10-29 12:39:42 INFO  UserDao:122 - User updated: User [id=2, username=arpearse, password=b10de1dda91163f64bc59155eded4dc3, firstName=Andrew, lastName=Pearse, email=andrew.roy.pearse@gmail.com, role=UserRole [id=1, role=Employee]]
2020-10-29 14:54:53 INFO  UserDao:63 - Found user by id: User [id=2, username=arpearse, password=b10de1dda91163f64bc59155eded4dc3, firstName=Andrew, lastName=Pearse, email=andrew.roy.pearse@gmail.com, role=UserRole [id=1, role=Employee]]
2020-10-29 14:54:53 INFO  UserDao:63 - Found user by id: null
2020-10-29 14:54:53 INFO  UserDao:63 - Found user by id: User [id=2, username=arpearse, password=b10de1dda91163f64bc59155eded4dc3, firstName=Andrew, lastName=Pearse, email=andrew.roy.pearse@gmail.com, role=UserRole [id=1, role=Employee]]
2020-10-29 14:54:53 INFO  UserDao:63 - Found user by id: null
2020-10-29 14:54:53 INFO  UserDao:63 - Found user by id: User [id=2, username=arpearse, password=b10de1dda91163f64bc59155eded4dc3, firstName=Andrew, lastName=Pearse, email=andrew.roy.pearse@gmail.com, role=UserRole [id=1, role=Employee]]
2020-10-29 14:54:54 INFO  UserDao:63 - Found user by id: null
2020-10-29 14:54:54 INFO  UserDao:63 - Found user by id: User [id=2, username=arpearse, password=b10de1dda91163f64bc59155eded4dc3, firstName=Andrew, lastName=Pearse, email=andrew.roy.pearse@gmail.com, role=UserRole [id=1, role=Employee]]
2020-10-29 14:54:54 INFO  UserDao:63 - Found user by id: User [id=3, username=jlawn, password=9bce65eddc92e1975c4aa307494bcd73, firstName=John, lastName=Lawn, email=jlawn@gmail.com, role=UserRole [id=2, role=Finance Manager]]
2020-10-29 14:54:54 INFO  ReimbursementDao:173 - Found all reimbursements by user id: 2
2020-10-29 14:54:55 INFO  ReimbursementController:58 - Successfully loaded current users reimbursement requests
2020-10-29 14:54:55 INFO  UserDao:63 - Found user by id: User [id=2, username=arpearse, password=b10de1dda91163f64bc59155eded4dc3, firstName=Andrew, lastName=Pearse, email=andrew.roy.pearse@gmail.com, role=UserRole [id=1, role=Employee]]
2020-10-29 14:54:55 INFO  UserDao:63 - Found user by id: null
2020-10-29 14:54:56 INFO  UserDao:63 - Found user by id: User [id=2, username=arpearse, password=b10de1dda91163f64bc59155eded4dc3, firstName=Andrew, lastName=Pearse, email=andrew.roy.pearse@gmail.com, role=UserRole [id=1, role=Employee]]
2020-10-29 14:54:56 INFO  UserDao:63 - Found user by id: null
2020-10-29 14:54:56 INFO  UserDao:63 - Found user by id: User [id=2, username=arpearse, password=b10de1dda91163f64bc59155eded4dc3, firstName=Andrew, lastName=Pearse, email=andrew.roy.pearse@gmail.com, role=UserRole [id=1, role=Employee]]
2020-10-29 14:54:56 INFO  UserDao:63 - Found user by id: null
2020-10-29 14:54:57 INFO  UserDao:63 - Found user by id: User [id=2, username=arpearse, password=b10de1dda91163f64bc59155eded4dc3, firstName=Andrew, lastName=Pearse, email=andrew.roy.pearse@gmail.com, role=UserRole [id=1, role=Employee]]
2020-10-29 14:54:57 INFO  UserDao:63 - Found user by id: User [id=3, username=jlawn, password=9bce65eddc92e1975c4aa307494bcd73, firstName=John, lastName=Lawn, email=jlawn@gmail.com, role=UserRole [id=2, role=Finance Manager]]
2020-10-29 14:54:57 INFO  ReimbursementDao:47 - Found all reimbursements
2020-10-29 14:54:57 INFO  ReimbursementController:42 - Successfully loaded all pending reimbursements
2020-10-29 14:54:58 INFO  UserDao:146 - Verified user info: jlawn@gmail.com longgone
2020-10-29 14:54:58 INFO  UserDao:175 - Found user by email: User [id=3, username=jlawn, password=9bce65eddc92e1975c4aa307494bcd73, firstName=John, lastName=Lawn, email=jlawn@gmail.com, role=UserRole [id=2, role=Finance Manager]]
2020-10-29 14:54:58 INFO  UserController:39 - Current User: User [id=3, username=jlawn, password=9bce65eddc92e1975c4aa307494bcd73, firstName=John, lastName=Lawn, email=jlawn@gmail.com, role=UserRole [id=2, role=Finance Manager]]
2020-10-29 14:54:58 INFO  UserController:48 - User is a Finance Manager
2020-10-29 14:54:59 INFO  UserDao:146 - Verified user info: andrew.roy.pearse@gmail.com bad password
2020-10-29 14:54:59 INFO  UserDao:146 - Verified user info: andrew.roy.pearse@gmail.com password
2020-10-29 14:54:59 INFO  UserDao:175 - Found user by email: User [id=2, username=arpearse, password=b10de1dda91163f64bc59155eded4dc3, firstName=Andrew, lastName=Pearse, email=andrew.roy.pearse@gmail.com, role=UserRole [id=1, role=Employee]]
2020-10-29 14:54:59 INFO  UserController:39 - Current User: User [id=2, username=arpearse, password=b10de1dda91163f64bc59155eded4dc3, firstName=Andrew, lastName=Pearse, email=andrew.roy.pearse@gmail.com, role=UserRole [id=1, role=Employee]]
2020-10-29 14:54:59 INFO  UserController:43 - User is an employee
2020-10-29 14:55:00 INFO  UserDao:63 - Found user by id: User [id=2, username=arpearse, password=b10de1dda91163f64bc59155eded4dc3, firstName=Andrew, lastName=Pearse, email=andrew.roy.pearse@gmail.com, role=UserRole [id=1, role=Employee]]
2020-10-29 14:55:00 INFO  UserDao:63 - Found user by id: null
2020-10-29 14:55:00 INFO  UserDao:63 - Found user by id: User [id=2, username=arpearse, password=b10de1dda91163f64bc59155eded4dc3, firstName=Andrew, lastName=Pearse, email=andrew.roy.pearse@gmail.com, role=UserRole [id=1, role=Employee]]
2020-10-29 14:55:00 INFO  UserDao:63 - Found user by id: null
2020-10-29 14:55:01 INFO  UserDao:63 - Found user by id: User [id=2, username=arpearse, password=b10de1dda91163f64bc59155eded4dc3, firstName=Andrew, lastName=Pearse, email=andrew.roy.pearse@gmail.com, role=UserRole [id=1, role=Employee]]
2020-10-29 14:55:01 INFO  UserDao:63 - Found user by id: null
2020-10-29 14:55:01 INFO  UserDao:63 - Found user by id: User [id=2, username=arpearse, password=b10de1dda91163f64bc59155eded4dc3, firstName=Andrew, lastName=Pearse, email=andrew.roy.pearse@gmail.com, role=UserRole [id=1, role=Employee]]
2020-10-29 14:55:01 INFO  UserDao:63 - Found user by id: User [id=3, username=jlawn, password=9bce65eddc92e1975c4aa307494bcd73, firstName=John, lastName=Lawn, email=jlawn@gmail.com, role=UserRole [id=2, role=Finance Manager]]
2020-10-29 14:55:01 INFO  ReimbursementDao:47 - Found all reimbursements
2020-10-29 14:55:02 INFO  UserDao:146 - Verified user info: andrew.roy.pearse@gmail.com password
2020-10-29 14:55:02 INFO  UserDao:38 - Found all users: [User [id=3, username=jlawn, password=null, firstName=John, lastName=Lawn, email=jlawn@gmail.com, role=UserRole [id=2, role=Finance Manager]], User [id=4, username=sbeve, password=null, firstName=Steve, lastName=FromMinecraft, email=steve_fromminecraft@mojang.com, role=UserRole [id=1, role=Employee]], User [id=2, username=arpearse, password=null, firstName=Andrew, lastName=Pearse, email=andrew.roy.pearse@gmail.com, role=UserRole [id=1, role=Employee]]]
2020-10-29 14:55:02 INFO  UserDao:175 - Found user by email: User [id=2, username=arpearse, password=b10de1dda91163f64bc59155eded4dc3, firstName=Andrew, lastName=Pearse, email=andrew.roy.pearse@gmail.com, role=UserRole [id=1, role=Employee]]
2020-10-29 14:55:03 INFO  UserDao:63 - Found user by id: User [id=2, username=arpearse, password=b10de1dda91163f64bc59155eded4dc3, firstName=Andrew, lastName=Pearse, email=andrew.roy.pearse@gmail.com, role=UserRole [id=1, role=Employee]]
2020-10-29 14:55:03 INFO  UserDao:63 - Found user by id: null
2020-10-29 14:55:03 INFO  ReimbursementDao:73 - Found reimbursement with id: 4
2020-10-29 14:55:03 INFO  UserDao:63 - Found user by id: User [id=2, username=arpearse, password=b10de1dda91163f64bc59155eded4dc3, firstName=Andrew, lastName=Pearse, email=andrew.roy.pearse@gmail.com, role=UserRole [id=1, role=Employee]]
2020-10-29 14:55:03 INFO  ReimbursementDao:147 - Updated reimbursement information: Reimbursement [id=0, amount=150.0, dateSubmitted=2020-10-25T14:19:19.215713, dateResolved=null, description=Man's gotta eat!, author=User [id=2, username=arpearse, password=b10de1dda91163f64bc59155eded4dc3, firstName=Andrew, lastName=Pearse, email=andrew.roy.pearse@gmail.com, role=UserRole [id=1, role=Employee]], resolver=User [id=2, username=arpearse, password=b10de1dda91163f64bc59155eded4dc3, firstName=Andrew, lastName=Pearse, email=andrew.roy.pearse@gmail.com, role=UserRole [id=1, role=Employee]], status=ReimbursementStatus [id=1, status=PENDING], type=ReimbursementType [id=2, type=FOOD]]
2020-10-29 14:55:04 INFO  UserDao:122 - User updated: User [id=0, username=null, password=null, firstName=null, lastName=null, email=null, role=UserRole [id=0, role=null]]
2020-10-29 14:55:04 WARN  UserDao:94 - Error creating user: 
org.postgresql.util.PSQLException: ERROR: duplicate key value violates unique constraint "ers_users_ers_username_key"
  Detail: Key (ers_username)=(sbeve) already exists.
	at org.postgresql.core.v3.QueryExecutorImpl.receiveErrorResponse(QueryExecutorImpl.java:2497)
	at org.postgresql.core.v3.QueryExecutorImpl.processResults(QueryExecutorImpl.java:2233)
	at org.postgresql.core.v3.QueryExecutorImpl.execute(QueryExecutorImpl.java:310)
	at org.postgresql.jdbc.PgStatement.executeInternal(PgStatement.java:446)
	at org.postgresql.jdbc.PgStatement.execute(PgStatement.java:370)
	at org.postgresql.jdbc.PgPreparedStatement.executeWithFlags(PgPreparedStatement.java:149)
	at org.postgresql.jdbc.PgPreparedStatement.executeUpdate(PgPreparedStatement.java:124)
	at com.photoshop.repo.UserDao.create(UserDao.java:88)
	at com.photoshop.repotest.DaoTest.createUserEqualsZero(DaoTest.java:46)
	at sun.reflect.NativeMethodAccessorImpl.invoke0(Native Method)
	at sun.reflect.NativeMethodAccessorImpl.invoke(NativeMethodAccessorImpl.java:62)
	at sun.reflect.DelegatingMethodAccessorImpl.invoke(DelegatingMethodAccessorImpl.java:43)
	at java.lang.reflect.Method.invoke(Method.java:498)
	at org.junit.runners.model.FrameworkMethod$1.runReflectiveCall(FrameworkMethod.java:59)
	at org.junit.internal.runners.model.ReflectiveCallable.run(ReflectiveCallable.java:12)
	at org.junit.runners.model.FrameworkMethod.invokeExplosively(FrameworkMethod.java:56)
	at org.junit.internal.runners.statements.InvokeMethod.evaluate(InvokeMethod.java:17)
	at org.junit.internal.runners.statements.RunBefores.evaluate(RunBefores.java:26)
	at org.junit.runners.ParentRunner$3.evaluate(ParentRunner.java:306)
	at org.junit.runners.BlockJUnit4ClassRunner$1.evaluate(BlockJUnit4ClassRunner.java:100)
	at org.junit.runners.ParentRunner.runLeaf(ParentRunner.java:366)
	at org.junit.runners.BlockJUnit4ClassRunner.runChild(BlockJUnit4ClassRunner.java:103)
	at org.junit.runners.BlockJUnit4ClassRunner.runChild(BlockJUnit4ClassRunner.java:63)
	at org.junit.runners.ParentRunner$4.run(ParentRunner.java:331)
	at org.junit.runners.ParentRunner$1.schedule(ParentRunner.java:79)
	at org.junit.runners.ParentRunner.runChildren(ParentRunner.java:329)
	at org.junit.runners.ParentRunner.access$100(ParentRunner.java:66)
	at org.junit.runners.ParentRunner$2.evaluate(ParentRunner.java:293)
	at org.junit.runners.ParentRunner$3.evaluate(ParentRunner.java:306)
	at org.junit.runners.ParentRunner.run(ParentRunner.java:413)
	at org.apache.maven.surefire.junit4.JUnit4Provider.execute(JUnit4Provider.java:252)
	at org.apache.maven.surefire.junit4.JUnit4Provider.executeTestSet(JUnit4Provider.java:141)
	at org.apache.maven.surefire.junit4.JUnit4Provider.invoke(JUnit4Provider.java:112)
	at sun.reflect.NativeMethodAccessorImpl.invoke0(Native Method)
	at sun.reflect.NativeMethodAccessorImpl.invoke(NativeMethodAccessorImpl.java:62)
	at sun.reflect.DelegatingMethodAccessorImpl.invoke(DelegatingMethodAccessorImpl.java:43)
	at java.lang.reflect.Method.invoke(Method.java:498)
	at org.apache.maven.surefire.util.ReflectionUtils.invokeMethodWithArray(ReflectionUtils.java:189)
	at org.apache.maven.surefire.booter.ProviderFactory$ProviderProxy.invoke(ProviderFactory.java:165)
	at org.apache.maven.surefire.booter.ProviderFactory.invokeProvider(ProviderFactory.java:85)
	at org.apache.maven.surefire.booter.ForkedBooter.runSuitesInProcess(ForkedBooter.java:115)
	at org.apache.maven.surefire.booter.ForkedBooter.main(ForkedBooter.java:75)
2020-10-29 14:55:04 INFO  UserDao:63 - Found user by id: User [id=2, username=arpearse, password=b10de1dda91163f64bc59155eded4dc3, firstName=Andrew, lastName=Pearse, email=andrew.roy.pearse@gmail.com, role=UserRole [id=1, role=Employee]]
2020-10-29 14:55:05 INFO  UserDao:63 - Found user by id: User [id=2, username=arpearse, password=b10de1dda91163f64bc59155eded4dc3, firstName=Andrew, lastName=Pearse, email=andrew.roy.pearse@gmail.com, role=UserRole [id=1, role=Employee]]
2020-10-29 14:55:05 INFO  UserDao:63 - Found user by id: null
2020-10-29 14:55:05 INFO  ReimbursementDao:73 - Found reimbursement with id: 4
2020-10-29 14:55:05 INFO  UserDao:63 - Found user by id: User [id=2, username=arpearse, password=b10de1dda91163f64bc59155eded4dc3, firstName=Andrew, lastName=Pearse, email=andrew.roy.pearse@gmail.com, role=UserRole [id=1, role=Employee]]
2020-10-29 14:55:06 INFO  UserDao:63 - Found user by id: null
2020-10-29 14:55:06 INFO  UserDao:63 - Found user by id: User [id=2, username=arpearse, password=b10de1dda91163f64bc59155eded4dc3, firstName=Andrew, lastName=Pearse, email=andrew.roy.pearse@gmail.com, role=UserRole [id=1, role=Employee]]
2020-10-29 14:55:06 INFO  UserDao:63 - Found user by id: null
2020-10-29 14:55:06 INFO  UserDao:63 - Found user by id: User [id=2, username=arpearse, password=b10de1dda91163f64bc59155eded4dc3, firstName=Andrew, lastName=Pearse, email=andrew.roy.pearse@gmail.com, role=UserRole [id=1, role=Employee]]
2020-10-29 14:55:06 INFO  UserDao:63 - Found user by id: null
2020-10-29 14:55:07 INFO  UserDao:63 - Found user by id: User [id=2, username=arpearse, password=b10de1dda91163f64bc59155eded4dc3, firstName=Andrew, lastName=Pearse, email=andrew.roy.pearse@gmail.com, role=UserRole [id=1, role=Employee]]
2020-10-29 14:55:07 INFO  UserDao:63 - Found user by id: User [id=3, username=jlawn, password=9bce65eddc92e1975c4aa307494bcd73, firstName=John, lastName=Lawn, email=jlawn@gmail.com, role=UserRole [id=2, role=Finance Manager]]
2020-10-29 14:55:07 INFO  ReimbursementDao:173 - Found all reimbursements by user id: 2
2020-10-29 14:55:07 INFO  UserDao:63 - Found user by id: User [id=2, username=arpearse, password=b10de1dda91163f64bc59155eded4dc3, firstName=Andrew, lastName=Pearse, email=andrew.roy.pearse@gmail.com, role=UserRole [id=1, role=Employee]]
2020-10-29 14:55:08 INFO  UserDao:63 - Found user by id: null
2020-10-29 14:55:08 INFO  UserDao:63 - Found user by id: User [id=2, username=arpearse, password=b10de1dda91163f64bc59155eded4dc3, firstName=Andrew, lastName=Pearse, email=andrew.roy.pearse@gmail.com, role=UserRole [id=1, role=Employee]]
2020-10-29 14:55:09 INFO  UserDao:63 - Found user by id: null
2020-10-29 14:55:09 INFO  UserDao:63 - Found user by id: User [id=2, username=arpearse, password=b10de1dda91163f64bc59155eded4dc3, firstName=Andrew, lastName=Pearse, email=andrew.roy.pearse@gmail.com, role=UserRole [id=1, role=Employee]]
2020-10-29 14:55:09 INFO  UserDao:63 - Found user by id: null
2020-10-29 14:55:09 INFO  UserDao:63 - Found user by id: User [id=2, username=arpearse, password=b10de1dda91163f64bc59155eded4dc3, firstName=Andrew, lastName=Pearse, email=andrew.roy.pearse@gmail.com, role=UserRole [id=1, role=Employee]]
2020-10-29 14:55:10 INFO  UserDao:63 - Found user by id: User [id=3, username=jlawn, password=9bce65eddc92e1975c4aa307494bcd73, firstName=John, lastName=Lawn, email=jlawn@gmail.com, role=UserRole [id=2, role=Finance Manager]]
2020-10-29 14:55:10 INFO  ReimbursementDao:47 - Found all reimbursements
2020-10-29 14:55:10 INFO  UserDao:63 - Found user by id: User [id=2, username=arpearse, password=b10de1dda91163f64bc59155eded4dc3, firstName=Andrew, lastName=Pearse, email=andrew.roy.pearse@gmail.com, role=UserRole [id=1, role=Employee]]
2020-10-29 14:55:10 INFO  UserDao:63 - Found user by id: null
2020-10-29 14:55:11 INFO  UserDao:63 - Found user by id: User [id=2, username=arpearse, password=b10de1dda91163f64bc59155eded4dc3, firstName=Andrew, lastName=Pearse, email=andrew.roy.pearse@gmail.com, role=UserRole [id=1, role=Employee]]
2020-10-29 14:55:11 INFO  UserDao:63 - Found user by id: null
2020-10-29 14:55:11 INFO  UserDao:63 - Found user by id: User [id=2, username=arpearse, password=b10de1dda91163f64bc59155eded4dc3, firstName=Andrew, lastName=Pearse, email=andrew.roy.pearse@gmail.com, role=UserRole [id=1, role=Employee]]
2020-10-29 14:55:11 INFO  UserDao:63 - Found user by id: null
2020-10-29 14:55:11 INFO  UserDao:63 - Found user by id: User [id=2, username=arpearse, password=b10de1dda91163f64bc59155eded4dc3, firstName=Andrew, lastName=Pearse, email=andrew.roy.pearse@gmail.com, role=UserRole [id=1, role=Employee]]
2020-10-29 14:55:12 INFO  UserDao:63 - Found user by id: User [id=3, username=jlawn, password=9bce65eddc92e1975c4aa307494bcd73, firstName=John, lastName=Lawn, email=jlawn@gmail.com, role=UserRole [id=2, role=Finance Manager]]
2020-10-29 14:55:12 INFO  ReimbursementDao:47 - Found all reimbursements
2020-10-29 14:55:12 INFO  UserDao:63 - Found user by id: User [id=2, username=arpearse, password=b10de1dda91163f64bc59155eded4dc3, firstName=Andrew, lastName=Pearse, email=andrew.roy.pearse@gmail.com, role=UserRole [id=1, role=Employee]]
2020-10-29 14:55:12 INFO  UserDao:63 - Found user by id: null
2020-10-29 14:55:13 INFO  UserDao:63 - Found user by id: User [id=2, username=arpearse, password=b10de1dda91163f64bc59155eded4dc3, firstName=Andrew, lastName=Pearse, email=andrew.roy.pearse@gmail.com, role=UserRole [id=1, role=Employee]]
2020-10-29 14:55:13 INFO  UserDao:63 - Found user by id: null
2020-10-29 14:55:13 INFO  UserDao:63 - Found user by id: User [id=2, username=arpearse, password=b10de1dda91163f64bc59155eded4dc3, firstName=Andrew, lastName=Pearse, email=andrew.roy.pearse@gmail.com, role=UserRole [id=1, role=Employee]]
2020-10-29 14:55:13 INFO  UserDao:63 - Found user by id: null
2020-10-29 14:55:14 INFO  UserDao:63 - Found user by id: User [id=2, username=arpearse, password=b10de1dda91163f64bc59155eded4dc3, firstName=Andrew, lastName=Pearse, email=andrew.roy.pearse@gmail.com, role=UserRole [id=1, role=Employee]]
2020-10-29 14:55:14 INFO  UserDao:63 - Found user by id: User [id=3, username=jlawn, password=9bce65eddc92e1975c4aa307494bcd73, firstName=John, lastName=Lawn, email=jlawn@gmail.com, role=UserRole [id=2, role=Finance Manager]]
2020-10-29 14:55:14 INFO  ReimbursementDao:47 - Found all reimbursements
2020-10-29 14:55:14 INFO  UserDao:63 - Found user by id: User [id=2, username=arpearse, password=b10de1dda91163f64bc59155eded4dc3, firstName=Andrew, lastName=Pearse, email=andrew.roy.pearse@gmail.com, role=UserRole [id=1, role=Employee]]
2020-10-29 14:55:15 INFO  UserDao:63 - Found user by id: User [id=3, username=jlawn, password=9bce65eddc92e1975c4aa307494bcd73, firstName=John, lastName=Lawn, email=jlawn@gmail.com, role=UserRole [id=2, role=Finance Manager]]
2020-10-29 14:55:15 INFO  ReimbursementDao:73 - Found reimbursement with id: 9
2020-10-29 14:55:15 INFO  UserDao:63 - Found user by id: User [id=2, username=arpearse, password=b10de1dda91163f64bc59155eded4dc3, firstName=Andrew, lastName=Pearse, email=andrew.roy.pearse@gmail.com, role=UserRole [id=1, role=Employee]]
2020-10-29 14:55:15 INFO  UserDao:63 - Found user by id: null
2020-10-29 14:55:16 INFO  UserDao:63 - Found user by id: User [id=2, username=arpearse, password=b10de1dda91163f64bc59155eded4dc3, firstName=Andrew, lastName=Pearse, email=andrew.roy.pearse@gmail.com, role=UserRole [id=1, role=Employee]]
2020-10-29 14:55:16 INFO  UserDao:63 - Found user by id: null
2020-10-29 14:55:16 INFO  UserDao:63 - Found user by id: User [id=2, username=arpearse, password=b10de1dda91163f64bc59155eded4dc3, firstName=Andrew, lastName=Pearse, email=andrew.roy.pearse@gmail.com, role=UserRole [id=1, role=Employee]]
2020-10-29 14:55:16 INFO  UserDao:63 - Found user by id: null
2020-10-29 14:55:16 INFO  UserDao:63 - Found user by id: User [id=2, username=arpearse, password=b10de1dda91163f64bc59155eded4dc3, firstName=Andrew, lastName=Pearse, email=andrew.roy.pearse@gmail.com, role=UserRole [id=1, role=Employee]]
2020-10-29 14:55:17 INFO  UserDao:63 - Found user by id: User [id=3, username=jlawn, password=9bce65eddc92e1975c4aa307494bcd73, firstName=John, lastName=Lawn, email=jlawn@gmail.com, role=UserRole [id=2, role=Finance Manager]]
2020-10-29 14:55:17 INFO  ReimbursementDao:173 - Found all reimbursements by user id: 2
2020-10-29 14:55:17 INFO  UserDao:63 - Found user by id: User [id=2, username=arpearse, password=b10de1dda91163f64bc59155eded4dc3, firstName=Andrew, lastName=Pearse, email=andrew.roy.pearse@gmail.com, role=UserRole [id=1, role=Employee]]
2020-10-29 14:55:17 INFO  UserDao:63 - Found user by id: User [id=3, username=jlawn, password=9bce65eddc92e1975c4aa307494bcd73, firstName=John, lastName=Lawn, email=jlawn@gmail.com, role=UserRole [id=2, role=Finance Manager]]
2020-10-29 14:55:17 INFO  ReimbursementDao:73 - Found reimbursement with id: 9
2020-10-29 14:55:18 INFO  ReimbursementDao:147 - Updated reimbursement information: Reimbursement [id=9, amount=599.99, dateSubmitted=2020-10-26T21:53:36.561194, dateResolved=2020-10-27T19:21:53.643027, description=Fell into the lake and lost my phone!, author=User [id=2, username=arpearse, password=b10de1dda91163f64bc59155eded4dc3, firstName=Andrew, lastName=Pearse, email=andrew.roy.pearse@gmail.com, role=UserRole [id=1, role=Employee]], resolver=User [id=3, username=jlawn, password=9bce65eddc92e1975c4aa307494bcd73, firstName=John, lastName=Lawn, email=jlawn@gmail.com, role=UserRole [id=2, role=Finance Manager]], status=ReimbursementStatus [id=3, status=REJECTED], type=ReimbursementType [id=5, type=OTHER]]
2020-10-29 14:55:18 INFO  UserDao:38 - Found all users: [User [id=3, username=jlawn, password=null, firstName=John, lastName=Lawn, email=jlawn@gmail.com, role=UserRole [id=2, role=Finance Manager]], User [id=4, username=sbeve, password=null, firstName=Steve, lastName=FromMinecraft, email=steve_fromminecraft@mojang.com, role=UserRole [id=1, role=Employee]], User [id=2, username=arpearse, password=null, firstName=Andrew, lastName=Pearse, email=andrew.roy.pearse@gmail.com, role=UserRole [id=1, role=Employee]]]
2020-10-29 14:55:18 INFO  UserDao:146 - Verified user info: andrew.roy.pearse@gmail.com password
2020-10-29 14:55:18 INFO  UserDao:63 - Found user by id: User [id=2, username=arpearse, password=b10de1dda91163f64bc59155eded4dc3, firstName=Andrew, lastName=Pearse, email=andrew.roy.pearse@gmail.com, role=UserRole [id=1, role=Employee]]
2020-10-29 14:55:19 INFO  UserDao:175 - Found user by email: User [id=2, username=arpearse, password=b10de1dda91163f64bc59155eded4dc3, firstName=Andrew, lastName=Pearse, email=andrew.roy.pearse@gmail.com, role=UserRole [id=1, role=Employee]]
2020-10-29 14:55:19 INFO  UserDao:175 - Found user by email: User [id=2, username=arpearse, password=b10de1dda91163f64bc59155eded4dc3, firstName=Andrew, lastName=Pearse, email=andrew.roy.pearse@gmail.com, role=UserRole [id=1, role=Employee]]
2020-10-29 14:55:19 INFO  UserDao:122 - User updated: User [id=2, username=arpearse, password=b10de1dda91163f64bc59155eded4dc3, firstName=Andrew, lastName=Pearse, email=andrew.roy.pearse@gmail.com, role=UserRole [id=1, role=Employee]]
